223  [main] DEBUG icaro.infraestructura.patronAgenteReactivo.factoriaEInterfaces.imp.AgenteReactivoImp2  - Iniciador: arranca()
756  [Thread-3] DEBUG icaro.infraestructura.patronAgenteReactivo.factoriaEInterfaces.imp.AgenteReactivoImp2  - GestorOrganizacion: arranca()
783  [Thread-3] DEBUG icaro.infraestructura.patronAgenteReactivo.factoriaEInterfaces.imp.AgenteReactivoImp2  - Iniciador: termina()
789  [Thread-4] INFO  icaro.infraestructura.patronAgenteReactivo.factoriaEInterfaces.imp.AgenteReactivoImp2  - Estableciendo gestor a reportar. Agente: GestorRecursos. Gestor: GestorOrganizacion
821  [Thread-4] INFO  icaro.infraestructura.patronAgenteReactivo.factoriaEInterfaces.imp.AgenteReactivoImp2  - Estableciendo gestor a reportar. Agente: GestorAgentes. Gestor: GestorOrganizacion
838  [Thread-4] DEBUG icaro.infraestructura.patronAgenteReactivo.factoriaEInterfaces.imp.AgenteReactivoImp2  - GestorRecursos: arranca()
3392 [Thread-5] DEBUG icaro.infraestructura.patronAgenteReactivo.factoriaEInterfaces.imp.AgenteReactivoImp2  - GestorOrganizacion: Ha llegado un mensaje por el interfaz de Uso:Emisor: GestorRecursos, Receptor: GestorOrganizacion
3399 [Thread-4] DEBUG icaro.infraestructura.patronAgenteReactivo.factoriaEInterfaces.imp.AgenteReactivoImp2  - GestorAgentes: arranca()
3479 [Thread-5] DEBUG icaro.infraestructura.patronAgenteReactivo.factoriaEInterfaces.imp.AgenteReactivoImp2  - GestorOrganizacion: Ha llegado un mensaje por el interfaz de Uso:Emisor: GestorRecursos, Receptor: GestorOrganizacion
5433 [Thread-6] DEBUG icaro.infraestructura.patronAgenteReactivo.factoriaEInterfaces.imp.AgenteReactivoImp2  - GestorOrganizacion: Ha llegado un mensaje por el interfaz de Uso:Emisor: GestorAgentes, Receptor: GestorOrganizacion
20653 [AWT-EventQueue-0] DEBUG icaro.infraestructura.patronAgenteReactivo.factoriaEInterfaces.imp.AgenteReactivoImp2  - GestorOrganizacion: Ha llegado un evento por el interfaz de Uso:icaro.infraestructura.entidadesBasicas.comunicacion.EventoRecAgte@757cb738
21960 [Thread-4] DEBUG icaro.infraestructura.patronAgenteReactivo.factoriaEInterfaces.imp.AgenteReactivoImp2  - GestorOrganizacion: Ha llegado un evento por el interfaz de Uso:icaro.infraestructura.entidadesBasicas.comunicacion.EventoRecAgte@7e51b691
21970 [Thread-4] DEBUG icaro.infraestructura.patronAgenteReactivo.factoriaEInterfaces.imp.AgenteReactivoImp2  - GestorOrganizacion: Ha llegado un evento por el interfaz de Uso:icaro.infraestructura.entidadesBasicas.comunicacion.EventoRecAgte@1f4e1625
22003 [Thread-4] DEBUG icaro.infraestructura.patronAgenteReactivo.factoriaEInterfaces.imp.AgenteReactivoImp2  - GestorAgentes: Ha llegado un mensaje por el interfaz de Uso:Emisor: GestorOrganizacion, Receptor: GestorAgentes
24008 [Thread-14] DEBUG icaro.infraestructura.patronAgenteReactivo.factoriaEInterfaces.imp.AgenteReactivoImp2  - GestorOrganizacion: Ha llegado un evento por el interfaz de Uso:icaro.infraestructura.entidadesBasicas.comunicacion.EventoRecAgte@5f4fdb4f
24046 [Thread-4] DEBUG icaro.infraestructura.patronAgenteReactivo.factoriaEInterfaces.imp.AgenteReactivoImp2  - GestorRecursos: Ha llegado un mensaje por el interfaz de Uso:Emisor: GestorOrganizacion, Receptor: GestorRecursos
24095 [Thread-5] DEBUG icaro.infraestructura.patronAgenteReactivo.factoriaEInterfaces.imp.AgenteReactivoImp2  - GestorRecursos: termina()
26055 [Thread-15] DEBUG icaro.infraestructura.patronAgenteReactivo.factoriaEInterfaces.imp.AgenteReactivoImp2  - GestorOrganizacion: Ha llegado un evento por el interfaz de Uso:icaro.infraestructura.entidadesBasicas.comunicacion.EventoRecAgte@9640d70
26094 [Thread-4] DEBUG icaro.infraestructura.patronAgenteReactivo.factoriaEInterfaces.imp.AgenteReactivoImp2  - GestorOrganizacion: Ha llegado un evento por el interfaz de Uso:icaro.infraestructura.entidadesBasicas.comunicacion.EventoRecAgte@56eca458
26099 [Thread-4] DEBUG icaro.infraestructura.patronAgenteReactivo.factoriaEInterfaces.imp.AgenteReactivoImp2  - GestorOrganizacion: termina()
214  [main] DEBUG icaro.infraestructura.patronAgenteReactivo.factoriaEInterfaces.imp.AgenteReactivoImp2  - Iniciador: arranca()
829  [Thread-3] DEBUG icaro.infraestructura.patronAgenteReactivo.factoriaEInterfaces.imp.AgenteReactivoImp2  - GestorOrganizacion: arranca()
856  [Thread-3] DEBUG icaro.infraestructura.patronAgenteReactivo.factoriaEInterfaces.imp.AgenteReactivoImp2  - Iniciador: termina()
867  [Thread-4] INFO  icaro.infraestructura.patronAgenteReactivo.factoriaEInterfaces.imp.AgenteReactivoImp2  - Estableciendo gestor a reportar. Agente: GestorRecursos. Gestor: GestorOrganizacion
903  [Thread-4] INFO  icaro.infraestructura.patronAgenteReactivo.factoriaEInterfaces.imp.AgenteReactivoImp2  - Estableciendo gestor a reportar. Agente: GestorAgentes. Gestor: GestorOrganizacion
920  [Thread-4] DEBUG icaro.infraestructura.patronAgenteReactivo.factoriaEInterfaces.imp.AgenteReactivoImp2  - GestorRecursos: arranca()
3530 [Thread-5] DEBUG icaro.infraestructura.patronAgenteReactivo.factoriaEInterfaces.imp.AgenteReactivoImp2  - GestorOrganizacion: Ha llegado un mensaje por el interfaz de Uso:Emisor: GestorRecursos, Receptor: GestorOrganizacion
3537 [Thread-4] DEBUG icaro.infraestructura.patronAgenteReactivo.factoriaEInterfaces.imp.AgenteReactivoImp2  - GestorAgentes: arranca()
3612 [Thread-5] DEBUG icaro.infraestructura.patronAgenteReactivo.factoriaEInterfaces.imp.AgenteReactivoImp2  - GestorOrganizacion: Ha llegado un mensaje por el interfaz de Uso:Emisor: GestorRecursos, Receptor: GestorOrganizacion
5662 [Thread-6] DEBUG icaro.infraestructura.patronAgenteReactivo.factoriaEInterfaces.imp.AgenteReactivoImp2  - GestorOrganizacion: Ha llegado un mensaje por el interfaz de Uso:Emisor: GestorAgentes, Receptor: GestorOrganizacion
13622 [AWT-EventQueue-0] DEBUG icaro.infraestructura.patronAgenteReactivo.factoriaEInterfaces.imp.AgenteReactivoImp2  - GestorOrganizacion: Ha llegado un evento por el interfaz de Uso:icaro.infraestructura.entidadesBasicas.comunicacion.EventoRecAgte@37f4ada0
15329 [Thread-4] DEBUG icaro.infraestructura.patronAgenteReactivo.factoriaEInterfaces.imp.AgenteReactivoImp2  - GestorOrganizacion: Ha llegado un evento por el interfaz de Uso:icaro.infraestructura.entidadesBasicas.comunicacion.EventoRecAgte@31b152be
15339 [Thread-4] DEBUG icaro.infraestructura.patronAgenteReactivo.factoriaEInterfaces.imp.AgenteReactivoImp2  - GestorOrganizacion: Ha llegado un evento por el interfaz de Uso:icaro.infraestructura.entidadesBasicas.comunicacion.EventoRecAgte@3e114bf8
15373 [Thread-4] DEBUG icaro.infraestructura.patronAgenteReactivo.factoriaEInterfaces.imp.AgenteReactivoImp2  - GestorAgentes: Ha llegado un mensaje por el interfaz de Uso:Emisor: GestorOrganizacion, Receptor: GestorAgentes
17376 [Thread-14] DEBUG icaro.infraestructura.patronAgenteReactivo.factoriaEInterfaces.imp.AgenteReactivoImp2  - GestorOrganizacion: Ha llegado un evento por el interfaz de Uso:icaro.infraestructura.entidadesBasicas.comunicacion.EventoRecAgte@70ef9888
17397 [Thread-4] DEBUG icaro.infraestructura.patronAgenteReactivo.factoriaEInterfaces.imp.AgenteReactivoImp2  - GestorRecursos: Ha llegado un mensaje por el interfaz de Uso:Emisor: GestorOrganizacion, Receptor: GestorRecursos
17426 [Thread-5] DEBUG icaro.infraestructura.patronAgenteReactivo.factoriaEInterfaces.imp.AgenteReactivoImp2  - GestorRecursos: termina()
19400 [Thread-15] DEBUG icaro.infraestructura.patronAgenteReactivo.factoriaEInterfaces.imp.AgenteReactivoImp2  - GestorOrganizacion: Ha llegado un evento por el interfaz de Uso:icaro.infraestructura.entidadesBasicas.comunicacion.EventoRecAgte@7a3ed587
19432 [Thread-4] DEBUG icaro.infraestructura.patronAgenteReactivo.factoriaEInterfaces.imp.AgenteReactivoImp2  - GestorOrganizacion: Ha llegado un evento por el interfaz de Uso:icaro.infraestructura.entidadesBasicas.comunicacion.EventoRecAgte@28dc6215
19434 [Thread-4] DEBUG icaro.infraestructura.patronAgenteReactivo.factoriaEInterfaces.imp.AgenteReactivoImp2  - GestorOrganizacion: termina()
