usar
Usar
usa
Usa
utiliza
Utiliza
coge
Coge
recoge
Recoge
coger
Coger
recoger
Recoger
toma
Toma
tomar
Tomar
guarda
Guarda
guardar
Guardar
almacena
Almacena
almacenar
Almacenar
tira
Tira
tirar
Tirar
suelta
Suelta
soltar
Soltar
deja caer
Deja Caer
deja Caer
Deja Caer
dejar caer
Dejar Caer
deja Caer
Deja Caer
mira
Mira
mirar
Mirar
observa
Observa
observar
Observar
anda
Anda
andar
Andar
muevete
Muevete
mover
Mover
ir
Ir
ve
Ve
consigue
Consigue
conseguir
Conseguir
busca
Busca
buscar
Buscar
habla
Habla
hablar
Hablar
pide ayuda
Pide Ayuda
Pide ayuda
pide Ayuda
pedir ayuda
Pedir Ayuda
Pedir ayuda
pedir Ayuda